Using pre-set license
Built from '2020.3/staging' branch; Version is '2020.3.25f1 (9b9180224418) revision 10195328'; Using compiler version '192528614'; Build Type 'Release'
OS: 'Windows 10  (10.0.19042) 64bit Professional' Language: 'ja' Physical Memory: 32686 MB
BatchMode: 1, IsHumanControllingUs: 0, StartBugReporterOnCrash: 0, Is64bit: 1, IsPro: 0

COMMAND LINE ARGUMENTS:
D:\UnityEdit\2020.3.25f1\Editor\Unity.exe
-adb2
-batchMode
-noUpm
-name
AssetImportWorker0
-projectPath
D:/projects/AnimeGirlFeedDragonPublic
-logFile
Logs/AssetImportWorker0.log
-srvPort
63951
Successfully changed project path to: D:/projects/AnimeGirlFeedDragonPublic
D:/projects/AnimeGirlFeedDragonPublic
Using Asset Import Pipeline V2.
Refreshing native plugins compatible for Editor in 31.71 ms, found 2 plugins.
Preloading 0 native plugins for Editor in 0.00 ms.
Initialize engine version: 2020.3.25f1 (9b9180224418)
[Subsystems] Discovering subsystems at path D:/UnityEdit/2020.3.25f1/Editor/Data/Resources/UnitySubsystems
[Subsystems] Discovering subsystems at path D:/projects/AnimeGirlFeedDragonPublic/Assets
GfxDevice: creating device client; threaded=0
Direct3D:
    Version:  Direct3D 11.0 [level 11.1]
    Renderer: NVIDIA GeForce RTX 2060 SUPER (ID=0x1f06)
    Vendor:   
    VRAM:     8031 MB
    Driver:   27.21.14.6589
Initialize mono
Mono path[0] = 'D:/UnityEdit/2020.3.25f1/Editor/Data/Managed'
Mono path[1] = 'D:/UnityEdit/2020.3.25f1/Editor/Data/MonoBleedingEdge/lib/mono/unityjit'
Mono config path = 'D:/UnityEdit/2020.3.25f1/Editor/Data/MonoBleedingEdge/etc'
Using monoOptions --debugger-agent=transport=dt_socket,embedding=1,server=y,suspend=n,address=127.0.0.1:56468
Begin MonoManager ReloadAssembly
Registering precompiled unity dll's ...
Register platform support module: D:/UnityEdit/2020.3.25f1/Editor/Data/PlaybackEngines/WebGLSupport/UnityEditor.WebGL.Extensions.dll
Register platform support module: D:/UnityEdit/2020.3.25f1/Editor/Data/PlaybackEngines/WindowsStandaloneSupport/UnityEditor.WindowsStandalone.Extensions.dll
Registered in 0.001152 seconds.
Native extension for WindowsStandalone target not found
Native extension for WebGL target not found
Refreshing native plugins compatible for Editor in 31.46 ms, found 2 plugins.
Preloading 0 native plugins for Editor in 0.00 ms.
Mono: successfully reloaded assembly
- Completed reload, in  0.465 seconds
Domain Reload Profiling:
	ReloadAssembly (465ms)
		BeginReloadAssembly (41ms)
			ExecutionOrderSort (0ms)
			DisableScriptedObjects (0ms)
			BackupInstance (0ms)
			ReleaseScriptingObjects (0ms)
			CreateAndSetChildDomain (1ms)
		EndReloadAssembly (370ms)
			LoadAssemblies (40ms)
			RebuildTransferFunctionScriptingTraits (0ms)
			SetupTypeCache (125ms)
			ReleaseScriptCaches (0ms)
			RebuildScriptCaches (26ms)
			SetupLoadedEditorAssemblies (138ms)
				LogAssemblyErrors (0ms)
				InitializePlatformSupportModulesInManaged (4ms)
				SetLoadedEditorAssemblies (0ms)
				RefreshPlugins (32ms)
				BeforeProcessingInitializeOnLoad (14ms)
				ProcessInitializeOnLoadAttributes (66ms)
				ProcessInitializeOnLoadMethodAttributes (23ms)
				AfterProcessingInitializeOnLoad (0ms)
				EditorAssembliesLoaded (0ms)
			ExecutionOrderSort2 (0ms)
			AwakeInstancesAfterBackupRestoration (0ms)
Platform modules already initialized, skipping
Registering precompiled user dll's ...
Registered in 0.002474 seconds.
Begin MonoManager ReloadAssembly
Native extension for WindowsStandalone target not found
Native extension for WebGL target not found
Refreshing native plugins compatible for Editor in 0.36 ms, found 2 plugins.
Preloading 0 native plugins for Editor in 0.00 ms.
Mono: successfully reloaded assembly
- Completed reload, in  0.856 seconds
Domain Reload Profiling:
	ReloadAssembly (857ms)
		BeginReloadAssembly (116ms)
			ExecutionOrderSort (0ms)
			DisableScriptedObjects (4ms)
			BackupInstance (0ms)
			ReleaseScriptingObjects (0ms)
			CreateAndSetChildDomain (15ms)
		EndReloadAssembly (696ms)
			LoadAssemblies (70ms)
			RebuildTransferFunctionScriptingTraits (0ms)
			SetupTypeCache (233ms)
			ReleaseScriptCaches (0ms)
			RebuildScriptCaches (36ms)
			SetupLoadedEditorAssemblies (282ms)
				LogAssemblyErrors (0ms)
				InitializePlatformSupportModulesInManaged (5ms)
				SetLoadedEditorAssemblies (0ms)
				RefreshPlugins (0ms)
				BeforeProcessingInitializeOnLoad (76ms)
				ProcessInitializeOnLoadAttributes (159ms)
				ProcessInitializeOnLoadMethodAttributes (39ms)
				AfterProcessingInitializeOnLoad (2ms)
				EditorAssembliesLoaded (0ms)
			ExecutionOrderSort2 (0ms)
			AwakeInstancesAfterBackupRestoration (7ms)
Platform modules already initialized, skipping
========================================================================
Worker process is ready to serve import requests
Launched and connected shader compiler UnityShaderCompiler.exe after 0.56 seconds
Refreshing native plugins compatible for Editor in 0.37 ms, found 2 plugins.
Preloading 0 native plugins for Editor in 0.00 ms.
Unloading 1663 Unused Serialized files (Serialized files now loaded: 0)
System memory in use before: 91.6 MB.
System memory in use after: 90.8 MB.

Unloading 29 unused Assets to reduce memory usage. Loaded Objects now: 2089.
Total: 2.763600 ms (FindLiveObjects: 0.136200 ms CreateObjectMapping: 0.046400 ms MarkObjects: 2.029500 ms  DeleteObjects: 0.550500 ms)

AssetImportParameters requested are different than current active one (requested -> active):
  custom:framework-win-MediaFoundation: 216162199b28c13a410421893ffa2e32 -> 
  custom:video-decoder-ogg-theora: a1e56fd34408186e4bbccfd4996cb3dc -> 
  custom:container-muxer-webm: aa71ff27fc2769a1b78a27578f13a17b -> 
  custom:container-demuxer-webm: 4f35f7cbe854078d1ac9338744f61a02 -> 
  custom:container-demuxer-ogg: 62fdf1f143b41e24485cea50d1cbac27 -> 
  custom:video-encoder-webm-vp8: eb34c28f22e8b96e1ab97ce403110664 -> 
  custom:video-decoder-webm-vp8: 9c59270c3fd7afecdb556c50c9e8de78 -> 
  custom:audio-decoder-ogg-vorbis: bf7c407c2cedff20999df2af8eb42d56 -> 
  custom:audio-encoder-webm-vorbis: bf7c407c2cedff20999df2af8eb42d56 -> 
========================================================================
Received Import Request.
  path: Assets/Resource/Avatar_Anon/Anon(Avatar3.0).prefab
  artifactKey: Guid(d473ff749d883db45b42253fd2df4f6c) Importer(815301076,1909f56bfc062723c751e8b465ee728b)
Start importing Assets/Resource/Avatar_Anon/Anon(Avatar3.0).prefab using Guid(d473ff749d883db45b42253fd2df4f6c) Importer(815301076,1909f56bfc062723c751e8b465ee728b)  -> (artifact id: '8650df1484955b89a00f6119f6011115') in 0.563687 seconds 
  Import took 0.722526 seconds .

========================================================================
Received Import Request.
  Time since last request: 0.000232 seconds.
  path: Assets/Resource
  artifactKey: Guid(96f8364cd767c9f4881f9ecd1d9724e7) Importer(815301076,1909f56bfc062723c751e8b465ee728b)
Start importing Assets/Resource using Guid(96f8364cd767c9f4881f9ecd1d9724e7) Importer(815301076,1909f56bfc062723c751e8b465ee728b)  -> (artifact id: '917e705d96e2a0445484b4499f2817b6') in 0.006890 seconds 
  Import took 0.009875 seconds .

========================================================================
Received Import Request.
  Time since last request: 0.000212 seconds.
  path: Assets/Resource/Avatar_Anon
  artifactKey: Guid(93bf142c211b6a842bbb068926930ba1) Importer(815301076,1909f56bfc062723c751e8b465ee728b)
Start importing Assets/Resource/Avatar_Anon using Guid(93bf142c211b6a842bbb068926930ba1) Importer(815301076,1909f56bfc062723c751e8b465ee728b)  -> (artifact id: '46310cdb5b84ab80cbd1b7433955f252') in 0.005195 seconds 
  Import took 0.015780 seconds .

========================================================================
Received Import Request.
  Time since last request: 11.046628 seconds.
  path: Assets/Resource/Avatar_Anon/Anon_Controllers
  artifactKey: Guid(be0362e42b5073c4da709c985709504b) Importer(815301076,1909f56bfc062723c751e8b465ee728b)
Start importing Assets/Resource/Avatar_Anon/Anon_Controllers using Guid(be0362e42b5073c4da709c985709504b) Importer(815301076,1909f56bfc062723c751e8b465ee728b)  -> (artifact id: 'f9255f22fc3fa0310741ddc4cb540462') in 0.004891 seconds 
  Import took 0.007786 seconds .

========================================================================
Received Import Request.
  Time since last request: 10.021996 seconds.
  path: Assets/Resource/Avatar_Anon/Anon(Avatar3.0).prefab
  artifactKey: Guid(d473ff749d883db45b42253fd2df4f6c) Importer(815301076,1909f56bfc062723c751e8b465ee728b)
Start importing Assets/Resource/Avatar_Anon/Anon(Avatar3.0).prefab using Guid(d473ff749d883db45b42253fd2df4f6c) Importer(815301076,1909f56bfc062723c751e8b465ee728b)  -> (artifact id: 'e01ee17855f0064e63bd270301983087') in 0.250366 seconds 
  Import took 0.261591 seconds .

========================================================================
Received Import Request.
  Time since last request: 2.337885 seconds.
  path: Assets/Resource/Avatar_Anon/Anon_Animation
  artifactKey: Guid(cfd09ec734a35c5459d2c2057f62f230) Importer(815301076,1909f56bfc062723c751e8b465ee728b)
Start importing Assets/Resource/Avatar_Anon/Anon_Animation using Guid(cfd09ec734a35c5459d2c2057f62f230) Importer(815301076,1909f56bfc062723c751e8b465ee728b)  -> (artifact id: '87ce8c894d0db2706864f419504c3e62') in 0.004474 seconds 
  Import took 0.006863 seconds .

========================================================================
Received Import Request.
  Time since last request: 5.315751 seconds.
  path: Assets/Resource/Avatar_Anon/Model
  artifactKey: Guid(a653382e21b2a704cb9b58e468146c8d) Importer(815301076,1909f56bfc062723c751e8b465ee728b)
Start importing Assets/Resource/Avatar_Anon/Model using Guid(a653382e21b2a704cb9b58e468146c8d) Importer(815301076,1909f56bfc062723c751e8b465ee728b)  -> (artifact id: '9b96d3dda1fabd25b0bdba21f12f7c4a') in 0.004783 seconds 
  Import took 0.007368 seconds .

========================================================================
Received Import Request.
  Time since last request: 0.060687 seconds.
  path: Assets/Resource/Avatar_Anon/Model/Anon.fbx
  artifactKey: Guid(e446c8d214330644daa0153ca7ca6fda) Importer(815301076,1909f56bfc062723c751e8b465ee728b)
Start importing Assets/Resource/Avatar_Anon/Model/Anon.fbx using Guid(e446c8d214330644daa0153ca7ca6fda) Importer(815301076,1909f56bfc062723c751e8b465ee728b)  -> (artifact id: 'f640c7efdd1c0ff4f9ec9bda2cdff69d') in 0.401290 seconds 
  Import took 0.413688 seconds .

========================================================================
Received Import Request.
  Time since last request: 12.208134 seconds.
  path: Assets/Resource/Avatar_Anon/Anon_EXMenu
  artifactKey: Guid(53e33625a0453724ca498ff7f2165c22) Importer(815301076,1909f56bfc062723c751e8b465ee728b)
Start importing Assets/Resource/Avatar_Anon/Anon_EXMenu using Guid(53e33625a0453724ca498ff7f2165c22) Importer(815301076,1909f56bfc062723c751e8b465ee728b)  -> (artifact id: '291f4cc2c069ec4ca441c13d5388181b') in 0.004542 seconds 
  Import took 0.006961 seconds .

========================================================================
Received Import Request.
  Time since last request: 6.773675 seconds.
  path: Assets/Resource/Avatar_Anon/Model/Texture
  artifactKey: Guid(99735dd9ddca5df4080e49ada9b62125) Importer(815301076,1909f56bfc062723c751e8b465ee728b)
Start importing Assets/Resource/Avatar_Anon/Model/Texture using Guid(99735dd9ddca5df4080e49ada9b62125) Importer(815301076,1909f56bfc062723c751e8b465ee728b)  -> (artifact id: '030c74ec88a92ea9356c4ebcde01d5bd') in 0.004745 seconds 
  Import took 0.007060 seconds .

========================================================================
Received Import Request.
  Time since last request: 0.052829 seconds.
  path: Assets/Resource/Avatar_Anon/Model/Texture/Anon_matcap1.png
  artifactKey: Guid(7560c99f8d11f814c913f4ebf543ba71) Importer(815301076,1909f56bfc062723c751e8b465ee728b)
Start importing Assets/Resource/Avatar_Anon/Model/Texture/Anon_matcap1.png using Guid(7560c99f8d11f814c913f4ebf543ba71) Importer(815301076,1909f56bfc062723c751e8b465ee728b)  -> (artifact id: 'f1f4f83031d4bb35637c1612b1d022ec') in 0.035464 seconds 
  Import took 0.037873 seconds .

========================================================================
Received Import Request.
  Time since last request: 0.000227 seconds.
  path: Assets/Resource/Avatar_Anon/Model/Texture/Anon_Texture_faceoption(em).png
  artifactKey: Guid(2305e0d855d47a540b20011a6a6f50d5) Importer(815301076,1909f56bfc062723c751e8b465ee728b)
Start importing Assets/Resource/Avatar_Anon/Model/Texture/Anon_Texture_faceoption(em).png using Guid(2305e0d855d47a540b20011a6a6f50d5) Importer(815301076,1909f56bfc062723c751e8b465ee728b)  -> (artifact id: '1d9d6f76e8bde8969a25df2c38a1eaac') in 0.014533 seconds 
  Import took 0.034031 seconds .

========================================================================
Received Import Request.
  Time since last request: 0.000216 seconds.
  path: Assets/Resource/Avatar_Anon/Model/Texture/Anon_Texture_body(flat).png
  artifactKey: Guid(6749a2f97e7316246a1e178152dfd5da) Importer(815301076,1909f56bfc062723c751e8b465ee728b)
Start importing Assets/Resource/Avatar_Anon/Model/Texture/Anon_Texture_body(flat).png using Guid(6749a2f97e7316246a1e178152dfd5da) Importer(815301076,1909f56bfc062723c751e8b465ee728b)  -> (artifact id: '0dd4f593f9fbb96da2651a3a3b838b33') in 0.049310 seconds 
  Import took 0.051379 seconds .

========================================================================
Received Import Request.
  Time since last request: 0.000212 seconds.
  path: Assets/Resource/Avatar_Anon/Model/Texture/Anon_Texture_face(om).png
  artifactKey: Guid(dc222f723659dc64385ec43159954ac8) Importer(815301076,1909f56bfc062723c751e8b465ee728b)
Start importing Assets/Resource/Avatar_Anon/Model/Texture/Anon_Texture_face(om).png using Guid(dc222f723659dc64385ec43159954ac8) Importer(815301076,1909f56bfc062723c751e8b465ee728b)  -> (artifact id: '3183e2244d67efc7f1a4a2986c945270') in 0.011696 seconds 
  Import took 0.013909 seconds .

========================================================================
Received Import Request.
  Time since last request: 0.000198 seconds.
  path: Assets/Resource/Avatar_Anon/Model/Texture/Anon_Texture_faceoption.png
  artifactKey: Guid(ddcd08b088a834048937c2ca5923ae59) Importer(815301076,1909f56bfc062723c751e8b465ee728b)
Start importing Assets/Resource/Avatar_Anon/Model/Texture/Anon_Texture_faceoption.png using Guid(ddcd08b088a834048937c2ca5923ae59) Importer(815301076,1909f56bfc062723c751e8b465ee728b)  -> (artifact id: 'b3ed099836d78932dbd2dae04ac92a18') in 0.065423 seconds 
  Import took 0.106280 seconds .

========================================================================
Received Import Request.
  Time since last request: 0.000214 seconds.
  path: Assets/Resource/Avatar_Anon/Model/Texture/Anon_matcap3.png
  artifactKey: Guid(39f5dbdc3f42bd04fbca6d95d12fe70d) Importer(815301076,1909f56bfc062723c751e8b465ee728b)
Start importing Assets/Resource/Avatar_Anon/Model/Texture/Anon_matcap3.png using Guid(39f5dbdc3f42bd04fbca6d95d12fe70d) Importer(815301076,1909f56bfc062723c751e8b465ee728b)  -> (artifact id: '16cf3a2b1f1a1faafe729f14d318bd13') in 0.008844 seconds 
  Import took 0.011007 seconds .

========================================================================
Received Import Request.
  Time since last request: 0.000214 seconds.
  path: Assets/Resource/Avatar_Anon/Model/Texture/Anon_Texture_faceoption(Alpha).png
  artifactKey: Guid(4ce3d33fd514da14e85a3f54fb7717e1) Importer(815301076,1909f56bfc062723c751e8b465ee728b)
Start importing Assets/Resource/Avatar_Anon/Model/Texture/Anon_Texture_faceoption(Alpha).png using Guid(4ce3d33fd514da14e85a3f54fb7717e1) Importer(815301076,1909f56bfc062723c751e8b465ee728b)  -> (artifact id: '44f7c26a6841c6c946001359c24cabc7') in 0.020154 seconds 
  Import took 0.022722 seconds .

========================================================================
Received Import Request.
  Time since last request: 0.000179 seconds.
  path: Assets/Resource/Avatar_Anon/Model/Texture/Anon_Texture_face(em).png
  artifactKey: Guid(35e756f8af9284543bcdff1d8c24aab9) Importer(815301076,1909f56bfc062723c751e8b465ee728b)
Start importing Assets/Resource/Avatar_Anon/Model/Texture/Anon_Texture_face(em).png using Guid(35e756f8af9284543bcdff1d8c24aab9) Importer(815301076,1909f56bfc062723c751e8b465ee728b)  -> (artifact id: 'fac315eca346e97e79ad9232c1448f05') in 0.014337 seconds 
  Import took 0.016719 seconds .

========================================================================
Received Import Request.
  Time since last request: 0.000231 seconds.
  path: Assets/Resource/Avatar_Anon/Model/Texture/Anon_matcap2.png
  artifactKey: Guid(d6bf75958e3edef4e8186bfa5b5be50f) Importer(815301076,1909f56bfc062723c751e8b465ee728b)
Start importing Assets/Resource/Avatar_Anon/Model/Texture/Anon_matcap2.png using Guid(d6bf75958e3edef4e8186bfa5b5be50f) Importer(815301076,1909f56bfc062723c751e8b465ee728b)  -> (artifact id: 'b62260ea70f6f4c5fd2693e2932ad768') in 0.009366 seconds 
  Import took 0.306773 seconds .

========================================================================
Received Import Request.
  Time since last request: 0.000278 seconds.
  path: Assets/Resource/Avatar_Anon/Model/Texture/Anon_Texture_face.png
  artifactKey: Guid(74de5bf1c581f60488aae9a1db3fed5a) Importer(815301076,1909f56bfc062723c751e8b465ee728b)
Start importing Assets/Resource/Avatar_Anon/Model/Texture/Anon_Texture_face.png using Guid(74de5bf1c581f60488aae9a1db3fed5a) Importer(815301076,1909f56bfc062723c751e8b465ee728b)  -> (artifact id: 'c6000dc5dd0c1361f86fa74a1c95dc11') in 0.015282 seconds 
  Import took 0.026876 seconds .

========================================================================
Received Import Request.
  Time since last request: 0.000224 seconds.
  path: Assets/Resource/Avatar_Anon/Model/Texture/Anon_Texture_body.png
  artifactKey: Guid(08b97b229443b4d48877b52e4e62f03e) Importer(815301076,1909f56bfc062723c751e8b465ee728b)
Start importing Assets/Resource/Avatar_Anon/Model/Texture/Anon_Texture_body.png using Guid(08b97b229443b4d48877b52e4e62f03e) Importer(815301076,1909f56bfc062723c751e8b465ee728b)  -> (artifact id: '004e3522062d1f1aa4e98469fd6b5836') in 0.027082 seconds 
  Import took 0.029203 seconds .

========================================================================
Received Import Request.
  Time since last request: 0.000229 seconds.
  path: Assets/Resource/Avatar_Anon/Model/Texture/Anon_Texture_body(mm).png
  artifactKey: Guid(af19f6526f2950e42b0057fc9113f70c) Importer(815301076,1909f56bfc062723c751e8b465ee728b)
Start importing Assets/Resource/Avatar_Anon/Model/Texture/Anon_Texture_body(mm).png using Guid(af19f6526f2950e42b0057fc9113f70c) Importer(815301076,1909f56bfc062723c751e8b465ee728b)  -> (artifact id: '285e5dcfc5e56174da03e18cdd790292') in 0.010539 seconds 
  Import took 0.012718 seconds .

========================================================================
Received Import Request.
  Time since last request: 0.000247 seconds.
  path: Assets/Resource/Avatar_Anon/Model/Texture/Anon_Texture_faceoption(am).png
  artifactKey: Guid(10a5b48245da7824d93214dc119b7f61) Importer(815301076,1909f56bfc062723c751e8b465ee728b)
Start importing Assets/Resource/Avatar_Anon/Model/Texture/Anon_Texture_faceoption(am).png using Guid(10a5b48245da7824d93214dc119b7f61) Importer(815301076,1909f56bfc062723c751e8b465ee728b)  -> (artifact id: '91127ec22040afc8a21321e02cdbcbe5') in 0.010174 seconds 
  Import took 0.012644 seconds .

========================================================================
Received Import Request.
  Time since last request: 7.293888 seconds.
  path: Assets/Resource/Avatar_Anon/Anon_EXMenu/EXMenu.asset
  artifactKey: Guid(c7a3bf05e17d1584ca5a81114f033ce1) Importer(815301076,1909f56bfc062723c751e8b465ee728b)
Start importing Assets/Resource/Avatar_Anon/Anon_EXMenu/EXMenu.asset using Guid(c7a3bf05e17d1584ca5a81114f033ce1) Importer(815301076,1909f56bfc062723c751e8b465ee728b)  -> (artifact id: 'd4e3a83eae20528685d293fb2288158b') in 0.005364 seconds 
  Import took 0.007750 seconds .

========================================================================
Received Import Request.
  Time since last request: 0.003778 seconds.
  path: Assets/Resource/Avatar_Anon/Anon_EXMenu/EXParameter.asset
  artifactKey: Guid(5487b5ff623a50a4d88c716c3f65c752) Importer(815301076,1909f56bfc062723c751e8b465ee728b)
Start importing Assets/Resource/Avatar_Anon/Anon_EXMenu/EXParameter.asset using Guid(5487b5ff623a50a4d88c716c3f65c752) Importer(815301076,1909f56bfc062723c751e8b465ee728b)  -> (artifact id: 'b526fd9adcb7517faef8e5fbebdc9292') in 0.004824 seconds 
  Import took 0.007275 seconds .

========================================================================
Received Import Request.
  Time since last request: 28.639819 seconds.
  path: Assets/Animations/Flying.fbx
  artifactKey: Guid(ce687a4231d15fd438dc782ab6da0d77) Importer(815301076,1909f56bfc062723c751e8b465ee728b)
Start importing Assets/Animations/Flying.fbx using Guid(ce687a4231d15fd438dc782ab6da0d77) Importer(815301076,1909f56bfc062723c751e8b465ee728b)  -> (artifact id: '4f9e944a8034e43216cf867a8db6ae1e') in 0.675827 seconds 
  Import took 0.714642 seconds .

========================================================================
Received Import Request.
  Time since last request: 0.000209 seconds.
  path: Assets/Animations/Throw Object.fbx
  artifactKey: Guid(314d9c1aa122bcf4e9bd1bc893319924) Importer(815301076,1909f56bfc062723c751e8b465ee728b)
Start importing Assets/Animations/Throw Object.fbx using Guid(314d9c1aa122bcf4e9bd1bc893319924) Importer(815301076,1909f56bfc062723c751e8b465ee728b)  -> (artifact id: '287341439ec00620cd2152d243ff6c0e') in 0.358801 seconds 
  Import took 0.361535 seconds .

========================================================================
Received Import Request.
  Time since last request: 1.384041 seconds.
  path: Assets/Resource/Asty/FBX/Asty.fbx
  artifactKey: Guid(d19f775416ef51443a01fcb6bc66c8d3) Importer(815301076,1909f56bfc062723c751e8b465ee728b)
Start importing Assets/Resource/Asty/FBX/Asty.fbx using Guid(d19f775416ef51443a01fcb6bc66c8d3) Importer(815301076,1909f56bfc062723c751e8b465ee728b)  -> (artifact id: 'a35b2bd3e80a4d4f3cbe47ad8e3f81ee') in 0.187228 seconds 
  Import took 0.190388 seconds .

========================================================================
Received Import Request.
  Time since last request: 6.997906 seconds.
  path: Assets/Resource/Asty/Prefab
  artifactKey: Guid(b7c298176cdd6344b900dc16a39fbba5) Importer(815301076,1909f56bfc062723c751e8b465ee728b)
Start importing Assets/Resource/Asty/Prefab using Guid(b7c298176cdd6344b900dc16a39fbba5) Importer(815301076,1909f56bfc062723c751e8b465ee728b)  -> (artifact id: 'f2331e0761571f03744b68b9acf8346a') in 0.004644 seconds 
  Import took 0.007044 seconds .

========================================================================
Received Import Request.
  Time since last request: 0.692769 seconds.
  path: Assets/Resource/Asty/Animation
  artifactKey: Guid(b95bd0a79982cfa4bb4e357e534e8cc0) Importer(815301076,1909f56bfc062723c751e8b465ee728b)
Start importing Assets/Resource/Asty/Animation using Guid(b95bd0a79982cfa4bb4e357e534e8cc0) Importer(815301076,1909f56bfc062723c751e8b465ee728b)  -> (artifact id: '1057137690309892c2890380035ff6ec') in 0.004605 seconds 
  Import took 0.007076 seconds .

========================================================================
Received Import Request.
  Time since last request: 0.629551 seconds.
  path: Assets/Resource/Asty/Materials
  artifactKey: Guid(f1277a35190076e448a5e5ff932de85d) Importer(815301076,1909f56bfc062723c751e8b465ee728b)
Start importing Assets/Resource/Asty/Materials using Guid(f1277a35190076e448a5e5ff932de85d) Importer(815301076,1909f56bfc062723c751e8b465ee728b)  -> (artifact id: '7dac93b03790e9c63727f440c84cf20f') in 0.004373 seconds 
  Import took 0.020515 seconds .

========================================================================
Received Import Request.
  Time since last request: 0.084494 seconds.
  path: Assets/Resource/Asty/Materials/emission.png
  artifactKey: Guid(5434ad23dac64a94580c1144f0249174) Importer(815301076,1909f56bfc062723c751e8b465ee728b)
Start importing Assets/Resource/Asty/Materials/emission.png using Guid(5434ad23dac64a94580c1144f0249174) Importer(815301076,1909f56bfc062723c751e8b465ee728b)  -> (artifact id: 'e1d4d85acc6f5d982b4731964dcbf24e') in 0.022441 seconds 
  Import took 0.029792 seconds .

========================================================================
Received Import Request.
  Time since last request: 0.000227 seconds.
  path: Assets/Resource/Asty/Materials/metalic.png
  artifactKey: Guid(360dea1f3c8ae384caef0d1c0ef8e9f9) Importer(815301076,1909f56bfc062723c751e8b465ee728b)
Start importing Assets/Resource/Asty/Materials/metalic.png using Guid(360dea1f3c8ae384caef0d1c0ef8e9f9) Importer(815301076,1909f56bfc062723c751e8b465ee728b)  -> (artifact id: 'cab9542979ec80dad227be9479d843c8') in 0.013378 seconds 
  Import took 0.015762 seconds .

========================================================================
Received Import Request.
  Time since last request: 0.000212 seconds.
  path: Assets/Resource/Asty/Materials/gem.mat
  artifactKey: Guid(e131ce217c6442d478b365be36187eb8) Importer(815301076,1909f56bfc062723c751e8b465ee728b)
Start importing Assets/Resource/Asty/Materials/gem.mat using Guid(e131ce217c6442d478b365be36187eb8) Importer(815301076,1909f56bfc062723c751e8b465ee728b)  -> (artifact id: 'f8b43aa3f9a37637bd48014ec52de0ff') in 0.041162 seconds 
  Import took 0.043340 seconds .

========================================================================
Received Import Request.
  Time since last request: 0.000213 seconds.
  path: Assets/Resource/Asty/Materials/Flush.mat
  artifactKey: Guid(54d94aad8fa974946bd0a10df8f46d18) Importer(815301076,1909f56bfc062723c751e8b465ee728b)
Start importing Assets/Resource/Asty/Materials/Flush.mat using Guid(54d94aad8fa974946bd0a10df8f46d18) Importer(815301076,1909f56bfc062723c751e8b465ee728b)  -> (artifact id: '224bbc7b44d7f13ba9e825f86bbf9855') in 0.020358 seconds 
  Import took 0.022882 seconds .

========================================================================
Received Import Request.
  Time since last request: 0.000291 seconds.
  path: Assets/Resource/Asty/Materials/T_Matcap_MC (9).jpg
  artifactKey: Guid(612476841a11fb94ca01633cc01282df) Importer(815301076,1909f56bfc062723c751e8b465ee728b)
Start importing Assets/Resource/Asty/Materials/T_Matcap_MC (9).jpg using Guid(612476841a11fb94ca01633cc01282df) Importer(815301076,1909f56bfc062723c751e8b465ee728b)  -> (artifact id: 'be029967f7557f8580512d5be2f95f62') in 0.010344 seconds 
  Import took 0.013178 seconds .

========================================================================
Received Import Request.
  Time since last request: 0.000245 seconds.
  path: Assets/Resource/Asty/Materials/texture.psd
  artifactKey: Guid(8cded0bfa412edd428c9b4e9f93d470d) Importer(815301076,1909f56bfc062723c751e8b465ee728b)
Start importing Assets/Resource/Asty/Materials/texture.psd using Guid(8cded0bfa412edd428c9b4e9f93d470d) Importer(815301076,1909f56bfc062723c751e8b465ee728b)  -> (artifact id: 'f181fbc9133edbabe8eb78ee26afdd8a') in 0.016039 seconds 
  Import took 0.018674 seconds .

========================================================================
Received Import Request.
  Time since last request: 0.000192 seconds.
  path: Assets/Resource/Asty/Materials/ring.mat
  artifactKey: Guid(7ab4713261d219149aa1c8635e6371b1) Importer(815301076,1909f56bfc062723c751e8b465ee728b)
Start importing Assets/Resource/Asty/Materials/ring.mat using Guid(7ab4713261d219149aa1c8635e6371b1) Importer(815301076,1909f56bfc062723c751e8b465ee728b)  -> (artifact id: '9edaafd8c7d91c47fb3899d6ef147765') in 0.018034 seconds 
  Import took 0.020618 seconds .

========================================================================
Received Import Request.
  Time since last request: 0.000162 seconds.
  path: Assets/Resource/Asty/Materials/texture.mat
  artifactKey: Guid(d80aa2673166ae44e9a976fe02c81a74) Importer(815301076,1909f56bfc062723c751e8b465ee728b)
Start importing Assets/Resource/Asty/Materials/texture.mat using Guid(d80aa2673166ae44e9a976fe02c81a74) Importer(815301076,1909f56bfc062723c751e8b465ee728b)  -> (artifact id: 'ac0e66a62c702c3ebe977df8b33c2d6f') in 0.016588 seconds 
  Import took 0.018894 seconds .

AssetImportWorkerClient::OnTransportError - code=2 error=End of file
